# JRE version: OpenJDK Runtime Environment (21.0.6) (build 21.0.6+-13368085-b895.109)
# Java VM: OpenJDK 64-Bit Server VM (21.0.6+-13368085-b895.109, mixed mode, tiered, compressed oops, compressed class ptrs, g1 gc, windows-amd64)
GC Precious Log:
 CardTable entry size: 512
 Card Set container configuration: InlinePtr #cards 4 size 8 Array Of Cards #cards 32 size 80 Howl #buckets 8 coarsen threshold 7372 Howl Bitmap #cards 1024 size 144 coarsen threshold 921 Card regions per heap region 1 cards per card region 8192
 CPUs: 12 total, 12 available
 Memory: 7868M
 Large Page Support: Disabled
 NUMA Support: Disabled
 Compressed Oops: Enabled (Zero based)
 Heap Region Size: 4M
 Heap Min Capacity: 8M
 Heap Initial Capacity: 124M
 Heap Max Capacity: 8G
 Pre-touch: Disabled
 Parallel Workers: 10
 Concurrent Workers: 3
 Concurrent Refinement Workers: 10
 Periodic GC: Disabled
Heap:
 garbage-first heap   total 110592K, used 84778K [0x0000000600000000, 0x0000000800000000)
  region size 4096K, 8 young (32768K), 1 survivors (4096K)
 Metaspace       used 76042K, committed 77824K, reserved 1179648K
  class space    used 10498K, committed 11392K, reserved 1048576K
GC Heap History (20 events):
Event: 68.621 GC heap before
{Heap before GC invocations=15 (full 0):
 garbage-first heap   total 86016K, used 58690K [0x0000000600000000, 0x0000000800000000)
  region size 4096K, 8 young (32768K), 2 survivors (8192K)
 Metaspace       used 58738K, committed 60416K, reserved 1114112K
  class space    used 8017K, committed 8896K, reserved 1048576K
}
Event: 68.651 GC heap after
{Heap after GC invocations=16 (full 0):
 garbage-first heap   total 86016K, used 39034K [0x0000000600000000, 0x0000000800000000)
  region size 4096K, 1 young (4096K), 1 survivors (4096K)
 Metaspace       used 58738K, committed 60416K, reserved 1114112K
  class space    used 8017K, committed 8896K, reserved 1048576K
}
Event: 71.567 GC heap before
{Heap before GC invocations=17 (full 0):
 garbage-first heap   total 86016K, used 71802K [0x0000000600000000, 0x0000000800000000)
  region size 4096K, 9 young (36864K), 1 survivors (4096K)
 Metaspace       used 60351K, committed 62016K, reserved 1114112K
  class space    used 8242K, committed 9088K, reserved 1048576K
}
Event: 71.595 GC heap after
{Heap after GC invocations=18 (full 0):
 garbage-first heap   total 86016K, used 43770K [0x0000000600000000, 0x0000000800000000)
  region size 4096K, 2 young (8192K), 2 survivors (8192K)
 Metaspace       used 60351K, committed 62016K, reserved 1114112K
  class space    used 8242K, committed 9088K, reserved 1048576K
}
Event: 75.472 GC heap before
{Heap before GC invocations=18 (full 0):
 garbage-first heap   total 86016K, used 68346K [0x0000000600000000, 0x0000000800000000)
  region size 4096K, 8 young (32768K), 2 survivors (8192K)
 Metaspace       used 61926K, committed 63616K, reserved 1114112K
  class space    used 8498K, committed 9344K, reserved 1048576K
}
Event: 75.489 GC heap after
{Heap after GC invocations=19 (full 0):
 garbage-first heap   total 86016K, used 44868K [0x0000000600000000, 0x0000000800000000)
  region size 4096K, 1 young (4096K), 1 survivors (4096K)
 Metaspace       used 61926K, committed 63616K, reserved 1114112K
  class space    used 8498K, committed 9344K, reserved 1048576K
}
Event: 79.836 GC heap before
{Heap before GC invocations=19 (full 0):
 garbage-first heap   total 86016K, used 69444K [0x0000000600000000, 0x0000000800000000)
  region size 4096K, 7 young (28672K), 1 survivors (4096K)
 Metaspace       used 64279K, committed 66048K, reserved 1114112K
  class space    used 8903K, committed 9792K, reserved 1048576K
}
Event: 79.856 GC heap after
{Heap after GC invocations=20 (full 0):
 garbage-first heap   total 86016K, used 46445K [0x0000000600000000, 0x0000000800000000)
  region size 4096K, 1 young (4096K), 1 survivors (4096K)
 Metaspace       used 64279K, committed 66048K, reserved 1114112K
  class space    used 8903K, committed 9792K, reserved 1048576K
}
Event: 82.532 GC heap before
{Heap before GC invocations=21 (full 0):
 garbage-first heap   total 86016K, used 75117K [0x0000000600000000, 0x0000000800000000)
  region size 4096K, 7 young (28672K), 1 survivors (4096K)
 Metaspace       used 66608K, committed 68416K, reserved 1114112K
  class space    used 9218K, committed 10112K, reserved 1048576K
}
Event: 82.542 GC heap after
{Heap after GC invocations=22 (full 0):
 garbage-first heap   total 86016K, used 54931K [0x0000000600000000, 0x0000000800000000)
  region size 4096K, 1 young (4096K), 1 survivors (4096K)
 Metaspace       used 66608K, committed 68416K, reserved 1114112K
  class space    used 9218K, committed 10112K, reserved 1048576K
}
Event: 84.857 GC heap before
{Heap before GC invocations=22 (full 0):
 garbage-first heap   total 86016K, used 71315K [0x0000000600000000, 0x0000000800000000)
  region size 4096K, 5 young (20480K), 1 survivors (4096K)
 Metaspace       used 68446K, committed 70208K, reserved 1114112K
  class space    used 9458K, committed 10304K, reserved 1048576K
}
Event: 84.894 GC heap after
{Heap after GC invocations=23 (full 0):
 garbage-first heap   total 86016K, used 53985K [0x0000000600000000, 0x0000000800000000)
  region size 4096K, 1 young (4096K), 1 survivors (4096K)
 Metaspace       used 68446K, committed 70208K, reserved 1114112K
  class space    used 9458K, committed 10304K, reserved 1048576K
}
Event: 86.284 GC heap before
{Heap before GC invocations=23 (full 0):
 garbage-first heap   total 86016K, used 66273K [0x0000000600000000, 0x0000000800000000)
  region size 4096K, 4 young (16384K), 1 survivors (4096K)
 Metaspace       used 70538K, committed 72448K, reserved 1114112K
  class space    used 9711K, committed 10624K, reserved 1048576K
}
Event: 86.293 GC heap after
{Heap after GC invocations=24 (full 0):
 garbage-first heap   total 86016K, used 54771K [0x0000000600000000, 0x0000000800000000)
  region size 4096K, 1 young (4096K), 1 survivors (4096K)
 Metaspace       used 70538K, committed 72448K, reserved 1114112K
  class space    used 9711K, committed 10624K, reserved 1048576K
}
Event: 87.828 GC heap before
{Heap before GC invocations=25 (full 0):
 garbage-first heap   total 102400K, used 67059K [0x0000000600000000, 0x0000000800000000)
  region size 4096K, 4 young (16384K), 1 survivors (4096K)
 Metaspace       used 71540K, committed 73280K, reserved 1114112K
  class space    used 9885K, committed 10752K, reserved 1048576K
}
Event: 87.834 GC heap after
{Heap after GC invocations=26 (full 0):
 garbage-first heap   total 102400K, used 54934K [0x0000000600000000, 0x0000000800000000)
  region size 4096K, 1 young (4096K), 1 survivors (4096K)
 Metaspace       used 71540K, committed 73280K, reserved 1114112K
  class space    used 9885K, committed 10752K, reserved 1048576K
}
Event: 91.092 GC heap before
{Heap before GC invocations=26 (full 0):
 garbage-first heap   total 102400K, used 79510K [0x0000000600000000, 0x0000000800000000)
  region size 4096K, 8 young (32768K), 1 survivors (4096K)
 Metaspace       used 73791K, committed 75648K, reserved 1114112K
  class space    used 10164K, committed 11072K, reserved 1048576K
}
Event: 91.114 GC heap after
{Heap after GC invocations=27 (full 0):
 garbage-first heap   total 102400K, used 55637K [0x0000000600000000, 0x0000000800000000)
  region size 4096K, 1 young (4096K), 1 survivors (4096K)
 Metaspace       used 73791K, committed 75648K, reserved 1114112K
  class space    used 10164K, committed 11072K, reserved 1048576K
}
Event: 91.492 GC heap before
{Heap before GC invocations=27 (full 0):
 garbage-first heap   total 102400K, used 63829K [0x0000000600000000, 0x0000000800000000)
  region size 4096K, 4 young (16384K), 1 survivors (4096K)
 Metaspace       used 74305K, committed 76160K, reserved 1114112K
  class space    used 10244K, committed 11136K, reserved 1048576K
}
Event: 91.500 GC heap after
{Heap after GC invocations=28 (full 0):
 garbage-first heap   total 102400K, used 56106K [0x0000000600000000, 0x0000000800000000)
  region size 4096K, 1 young (4096K), 1 survivors (4096K)
 Metaspace       used 74305K, committed 76160K, reserved 1114112K
  class space    used 10244K, committed 11136K, reserved 1048576K
}

